2022-05-08 18:04:41 INFO  login_page:21 - Test execution started
2022-05-08 18:05:00 INFO  login_page:26 - Chrome has been launched successfully
2022-05-08 18:05:16 INFO  login_page:34 - Browser navigated to https://www.phptravels.net/login page
2022-05-08 18:05:22 INFO  login_page:86 - email provided as user@phptravels.com successfully
2022-05-08 18:05:34 INFO  login_page:89 - password provided successfully
2022-05-08 18:05:38 INFO  login_page:92 - Login button clicked successfully
2022-05-09 14:09:24 INFO  login_page:27 - Test execution started
2022-05-09 14:10:42 INFO  login_page:33 - Chrome has been launched successfully
2022-05-09 14:10:56 INFO  login_page:42 - Browser navigated to https://www.phptravels.net/login page
2022-05-09 14:11:07 INFO  login_page:88 - email provided as user@phptravels.com successfully
2022-05-09 14:11:08 INFO  login_page:92 - password provided successfully
2022-05-09 14:11:12 INFO  login_page:96 - Login button clicked successfully
2022-05-09 14:21:40 INFO  login_page:35 - Test execution started
2022-05-09 14:22:35 INFO  login_page:41 - Chrome has been launched successfully
2022-05-09 14:22:50 INFO  login_page:50 - Browser navigated to https://www.phptravels.net/login page
2022-05-09 14:22:52 INFO  login_page:88 - email provided as user@phptravels.com successfully
2022-05-09 14:22:57 INFO  login_page:92 - password provided successfully
2022-05-09 14:23:02 INFO  login_page:96 - Login button clicked successfully
2022-05-09 14:25:08 INFO  login_page:35 - Test execution started
2022-05-09 14:26:34 INFO  login_page:41 - Chrome has been launched successfully
2022-05-09 14:27:02 INFO  login_page:50 - Browser navigated to https://www.phptravels.net/login page
2022-05-09 14:27:06 INFO  login_page:88 - email provided as user@phptravels.com successfully
2022-05-09 14:27:07 INFO  login_page:92 - password provided successfully
2022-05-09 14:27:16 INFO  login_page:96 - Login button clicked successfully
2022-05-11 14:32:31 INFO  login_page:47 - Test execution started
2022-05-11 14:34:10 INFO  login_page:54 - Chrome has been launched successfully
2022-05-11 14:34:29 INFO  login_page:63 - Browser navigated to https://www.phptravels.net/login page
2022-05-11 14:34:43 INFO  login_page:88 - email provided as user@phptravels.com successfully
2022-05-11 14:34:44 INFO  login_page:92 - password provided successfully
2022-05-11 14:34:52 INFO  login_page:96 - Login button clicked successfully
2022-05-11 16:58:57 INFO  login_page:51 - Test execution started
2022-05-11 17:00:01 INFO  login_page:59 - Chrome has been launched successfully
2022-05-11 17:00:13 INFO  login_page:68 - Browser navigated to https://www.phptravels.net/login page
2022-05-11 17:00:17 INFO  login_page:88 - email provided as user@phptravels.com successfully
2022-05-11 17:00:17 INFO  login_page:92 - password provided successfully
2022-05-11 17:00:21 INFO  login_page:96 - Login button clicked successfully
2022-05-11 17:45:41 INFO  login_page:56 - Test execution started
2022-05-11 17:48:51 INFO  login_page:56 - Test execution started
2022-05-11 17:53:23 INFO  login_page:56 - Test execution started
2022-05-11 17:54:54 INFO  login_page:66 - Chrome has been launched successfully
2022-05-11 17:55:36 INFO  login_page:75 - Browser navigated to https://www.phptravels.net/login page
2022-05-11 17:56:11 INFO  login_page:88 - email provided as user@phptravels.com successfully
2022-05-11 17:56:12 INFO  login_page:92 - password provided successfully
2022-05-11 17:56:28 INFO  login_page:96 - Login button clicked successfully
2022-05-17 12:54:45 INFO  login_page:45 - Test execution started
2022-05-17 12:56:19 INFO  login_page:52 - Chrome has been launched successfully
2022-05-17 12:56:26 INFO  login_page:61 - Browser navigated to https://www.phptravels.net/login page
2022-05-17 12:56:29 INFO  login_page:88 - email provided as user@phptravels.com successfully
2022-05-17 12:56:29 INFO  login_page:92 - password provided successfully
2022-05-17 12:56:33 INFO  login_page:96 - Login button clicked successfully
2022-05-17 17:37:53 INFO  login_page:45 - Test execution started
2022-05-17 17:39:42 INFO  login_page:52 - Chrome has been launched successfully
2022-05-17 17:39:58 INFO  login_page:61 - Browser navigated to https://www.phptravels.net/login page
2022-05-17 17:40:18 INFO  login_page:88 - email provided as user@phptravels.com successfully
2022-05-17 17:40:18 INFO  login_page:92 - password provided successfully
2022-05-17 17:40:26 INFO  login_page:96 - Login button clicked successfully
2022-05-18 13:56:19 INFO  login_page:45 - Test execution started
2022-05-18 13:57:33 INFO  login_page:52 - Chrome has been launched successfully
2022-05-18 13:57:35 INFO  login_page:61 - Browser navigated to https://www.phptravels.net/login page
2022-05-18 14:02:01 INFO  login_page:45 - Test execution started
2022-05-18 14:02:34 INFO  login_page:52 - Chrome has been launched successfully
2022-05-18 14:02:38 INFO  login_page:61 - Browser navigated to https://www.phptravels.net/login page
2022-05-18 14:13:11 INFO  login_page:45 - Test execution started
2022-05-18 14:14:28 INFO  login_page:52 - Chrome has been launched successfully
2022-05-18 14:14:30 INFO  login_page:61 - Browser navigated to https://www.phptravels.net/login page
2022-05-18 18:25:06 INFO  login_page:45 - Test execution started
2022-05-18 18:25:57 INFO  login_page:52 - Chrome has been launched successfully
2022-05-18 18:26:07 INFO  login_page:61 - Browser navigated to https://www.phptravels.net/login page
2022-05-18 18:26:15 INFO  login_page:88 - email provided as user@phptravels.com successfully
2022-05-18 18:26:15 INFO  login_page:92 - password provided successfully
2022-05-18 18:26:21 INFO  login_page:96 - Login button clicked successfully
2022-05-18 18:35:15 INFO  login_page:45 - Test execution started
2022-05-18 18:35:58 INFO  login_page:52 - Chrome has been launched successfully
2022-05-18 18:36:10 INFO  login_page:61 - Browser navigated to https://www.phptravels.net/login page
2022-05-18 18:36:11 INFO  login_page:88 - email provided as user@phptravels.com successfully
2022-05-18 18:36:17 INFO  login_page:92 - password provided successfully
2022-05-18 18:36:21 INFO  login_page:96 - Login button clicked successfully
2022-05-18 18:54:35 INFO  login_page:45 - Test execution started
2022-05-18 18:55:50 INFO  login_page:52 - Chrome has been launched successfully
2022-05-18 18:55:55 INFO  login_page:61 - Browser navigated to https://www.phptravels.net/login page
2022-05-18 19:02:10 INFO  login_page:45 - Test execution started
2022-05-18 19:02:56 INFO  login_page:52 - Chrome has been launched successfully
2022-05-18 19:03:09 INFO  login_page:61 - Browser navigated to https://www.phptravels.net/login page
2022-05-18 19:03:12 INFO  login_page:88 - email provided as user@phptravels.com successfully
2022-05-18 19:03:12 INFO  login_page:92 - password provided successfully
2022-05-18 19:03:19 INFO  login_page:96 - Login button clicked successfully
2022-05-18 19:18:59 INFO  login_page:45 - Test execution started
2022-05-18 19:20:37 INFO  login_page:52 - Chrome has been launched successfully
2022-05-18 19:20:48 INFO  login_page:61 - Browser navigated to https://www.phptravels.net/login page
2022-05-18 19:31:54 INFO  login_page:45 - Test execution started
2022-05-18 19:32:54 INFO  login_page:52 - Chrome has been launched successfully
2022-05-18 19:33:05 INFO  login_page:61 - Browser navigated to https://www.phptravels.net/login page
2022-05-18 19:33:08 INFO  login_page:88 - email provided as user@phptravels.com successfully
2022-05-18 19:33:08 INFO  login_page:92 - password provided successfully
2022-05-18 19:33:13 INFO  login_page:96 - Login button clicked successfully
2022-05-18 19:35:37 INFO  login_page:45 - Test execution started
2022-05-18 19:36:09 INFO  login_page:52 - Chrome has been launched successfully
2022-05-18 19:36:18 INFO  login_page:61 - Browser navigated to https://www.phptravels.net/login page
2022-05-18 19:36:21 INFO  login_page:88 - email provided as user@phptravels.com successfully
2022-05-18 19:36:21 INFO  login_page:92 - password provided successfully
2022-05-18 19:36:27 INFO  login_page:96 - Login button clicked successfully
2022-05-18 19:54:43 INFO  login_page:45 - Test execution started
2022-05-18 19:55:51 INFO  login_page:52 - Chrome has been launched successfully
2022-05-18 19:56:00 INFO  login_page:61 - Browser navigated to https://www.phptravels.net/login page
2022-05-18 19:56:02 INFO  login_page:88 - email provided as user@phptravels.com successfully
2022-05-18 19:56:03 INFO  login_page:92 - password provided successfully
2022-05-18 19:56:12 INFO  login_page:96 - Login button clicked successfully
2022-05-18 20:01:23 INFO  login_page:45 - Test execution started
2022-05-18 20:03:24 INFO  login_page:52 - Chrome has been launched successfully
2022-05-18 20:03:40 INFO  login_page:61 - Browser navigated to https://www.phptravels.net/login page
2022-05-18 20:03:52 INFO  login_page:88 - email provided as user@phptravels.com successfully
2022-05-18 20:03:52 INFO  login_page:92 - password provided successfully
2022-05-18 20:03:56 INFO  login_page:96 - Login button clicked successfully
2022-05-18 20:24:15 INFO  login_page:45 - Test execution started
2022-05-18 20:25:15 INFO  login_page:52 - Chrome has been launched successfully
2022-05-18 20:25:24 INFO  login_page:61 - Browser navigated to https://www.phptravels.net/login page
2022-05-18 20:25:26 INFO  login_page:88 - email provided as user@phptravels.com successfully
2022-05-18 20:25:26 INFO  login_page:92 - password provided successfully
2022-05-18 20:25:32 INFO  login_page:96 - Login button clicked successfully
